  main.cpp
C:\Users\Philipp\Desktop\Schule\Master\Git_Master\All_Code\Opengl_Camera_Finder\readVTK.h(44,23): warning C4018:  '<': signed/unsigned mismatch
C:\Users\Philipp\Desktop\Schule\Master\Git_Master\All_Code\Opengl_Camera_Finder\readVTK.h(232,14): warning C4101:  'normalVector': unreferenced local variable
C:\Users\Philipp\Desktop\Schule\Master\Git_Master\All_Code\Opengl_Camera_Finder\readVTK.h(282,25): warning C4018:  '<': signed/unsigned mismatch
C:\Users\Philipp\Desktop\Schule\Master\Git_Master\All_Code\Opengl_Camera_Finder\readVTK.h(433,17): warning C4244:  '=': conversion from 'double' to 'float', possible loss of data
C:\Users\Philipp\Desktop\Schule\Master\Git_Master\All_Code\Opengl_Camera_Finder\readVTK.h(434,17): warning C4244:  '=': conversion from 'double' to 'float', possible loss of data
C:\Users\Philipp\Desktop\Schule\Master\Git_Master\All_Code\Opengl_Camera_Finder\readVTK.h(435,17): warning C4244:  '=': conversion from 'double' to 'float', possible loss of data
C:\Users\Philipp\Desktop\Schule\Master\Git_Master\All_Code\Opengl_Camera_Finder\readVTK.h(466,33): warning C4244:  '=': conversion from 'double' to 'float', possible loss of data
C:\Users\Philipp\Desktop\Schule\Master\Git_Master\All_Code\Opengl_Camera_Finder\readVTK.h(467,33): warning C4244:  '=': conversion from 'double' to 'float', possible loss of data
C:\Users\Philipp\Desktop\Schule\Master\Git_Master\All_Code\Opengl_Camera_Finder\readVTK.h(468,33): warning C4244:  '=': conversion from 'double' to 'float', possible loss of data
C:\Users\Philipp\Desktop\Schule\Master\Git_Master\All_Code\Opengl_Camera_Finder\main.cpp(137,42): warning C4244:  'argument': conversion from 'uint64_t' to 'uint32_t', possible loss of data
C:\Users\Philipp\Desktop\Schule\Master\Git_Master\All_Code\Opengl_Camera_Finder\main.cpp(138,45): warning C4244:  'argument': conversion from 'uint64_t' to 'uint32_t', possible loss of data
C:\Users\Philipp\Desktop\Schule\Master\Git_Master\All_Code\Opengl_Camera_Finder\main.cpp(172,33): warning C4806:  '!=': unsafe operation: no value of type 'bool' promoted to type 'int' can equal the given constant
C:\Users\Philipp\Desktop\Schule\Master\Git_Master\All_Code\Opengl_Camera_Finder\main.cpp(179,35): warning C4806:  '!=': unsafe operation: no value of type 'bool' promoted to type 'int' can equal the given constant
C:\Users\Philipp\Desktop\Schule\Master\Git_Master\All_Code\Opengl_Camera_Finder\main.cpp(307,57): warning C4244:  'argument': conversion from 'Sint32' to 'float', possible loss of data
C:\Users\Philipp\Desktop\Schule\Master\Git_Master\All_Code\Opengl_Camera_Finder\main.cpp(307,38): warning C4244:  'argument': conversion from 'Sint32' to 'float', possible loss of data
C:\Users\Philipp\Desktop\Schule\Master\Git_Master\All_Code\Opengl_Camera_Finder\main.cpp(332,34): warning C4806:  '!=': unsafe operation: no value of type 'bool' promoted to type 'int' can equal the given constant
C:\Users\Philipp\Desktop\Schule\Master\Git_Master\All_Code\Opengl_Camera_Finder\main.cpp(369,71): warning C4244:  'argument': conversion from 'uint64_t' to 'uint32_t', possible loss of data
C:\Users\Philipp\Desktop\Schule\Master\Git_Master\All_Code\Opengl_Camera_Finder\main.cpp(409,29): warning C4244:  'argument': conversion from 'uint64_t' to 'GLsizei', possible loss of data
C:\Users\Philipp\Desktop\Schule\Master\Git_Master\All_Code\Opengl_Camera_Finder\main.cpp(413,33): warning C4244:  'argument': conversion from 'uint64_t' to 'GLsizei', possible loss of data
  Opengl_Camera_Finder.vcxproj -> C:\Users\Philipp\Desktop\Schule\Master\Git_Master\All_Code\Opengl_Camera_Finder\Debug\Opengl_Camera_Finder.exe
