  main.cpp
C:\Users\Philipp\Desktop\Schule\Master\Git_Master\All_Code\Opengl_Camera_Finder\readVTK.h(25,35): error C2660:  'itoa': function does not take 1 arguments
C:\Program Files (x86)\Windows Kits\10\Include\10.0.18362.0\ucrt\stdlib.h(1323,28): message :  see declaration of 'itoa'
C:\Users\Philipp\Desktop\Schule\Master\Git_Master\All_Code\Opengl_Camera_Finder\readVTK.h(223,25): warning C4018:  '<': signed/unsigned mismatch
C:\Users\Philipp\Desktop\Schule\Master\Git_Master\All_Code\Opengl_Camera_Finder\readVTK.h(374,17): warning C4244:  '=': conversion from 'double' to 'float', possible loss of data
C:\Users\Philipp\Desktop\Schule\Master\Git_Master\All_Code\Opengl_Camera_Finder\readVTK.h(375,17): warning C4244:  '=': conversion from 'double' to 'float', possible loss of data
C:\Users\Philipp\Desktop\Schule\Master\Git_Master\All_Code\Opengl_Camera_Finder\readVTK.h(376,17): warning C4244:  '=': conversion from 'double' to 'float', possible loss of data
C:\Users\Philipp\Desktop\Schule\Master\Git_Master\All_Code\Opengl_Camera_Finder\readVTK.h(407,33): warning C4244:  '=': conversion from 'double' to 'float', possible loss of data
C:\Users\Philipp\Desktop\Schule\Master\Git_Master\All_Code\Opengl_Camera_Finder\readVTK.h(408,33): warning C4244:  '=': conversion from 'double' to 'float', possible loss of data
C:\Users\Philipp\Desktop\Schule\Master\Git_Master\All_Code\Opengl_Camera_Finder\readVTK.h(409,33): warning C4244:  '=': conversion from 'double' to 'float', possible loss of data
C:\Users\Philipp\Desktop\Schule\Master\Git_Master\All_Code\Opengl_Camera_Finder\main.cpp(132,42): warning C4244:  'argument': conversion from 'uint64_t' to 'uint32_t', possible loss of data
C:\Users\Philipp\Desktop\Schule\Master\Git_Master\All_Code\Opengl_Camera_Finder\main.cpp(133,45): warning C4244:  'argument': conversion from 'uint64_t' to 'uint32_t', possible loss of data
C:\Users\Philipp\Desktop\Schule\Master\Git_Master\All_Code\Opengl_Camera_Finder\main.cpp(167,33): warning C4806:  '!=': unsafe operation: no value of type 'bool' promoted to type 'int' can equal the given constant
C:\Users\Philipp\Desktop\Schule\Master\Git_Master\All_Code\Opengl_Camera_Finder\main.cpp(174,35): warning C4806:  '!=': unsafe operation: no value of type 'bool' promoted to type 'int' can equal the given constant
C:\Users\Philipp\Desktop\Schule\Master\Git_Master\All_Code\Opengl_Camera_Finder\main.cpp(293,57): warning C4244:  'argument': conversion from 'Sint32' to 'float', possible loss of data
C:\Users\Philipp\Desktop\Schule\Master\Git_Master\All_Code\Opengl_Camera_Finder\main.cpp(293,38): warning C4244:  'argument': conversion from 'Sint32' to 'float', possible loss of data
C:\Users\Philipp\Desktop\Schule\Master\Git_Master\All_Code\Opengl_Camera_Finder\main.cpp(318,34): warning C4806:  '!=': unsafe operation: no value of type 'bool' promoted to type 'int' can equal the given constant
C:\Users\Philipp\Desktop\Schule\Master\Git_Master\All_Code\Opengl_Camera_Finder\main.cpp(346,43): warning C4244:  'argument': conversion from 'uint64_t' to 'uint32_t', possible loss of data
C:\Users\Philipp\Desktop\Schule\Master\Git_Master\All_Code\Opengl_Camera_Finder\main.cpp(375,29): warning C4244:  'argument': conversion from 'uint64_t' to 'GLsizei', possible loss of data
C:\Users\Philipp\Desktop\Schule\Master\Git_Master\All_Code\Opengl_Camera_Finder\main.cpp(379,33): warning C4244:  'argument': conversion from 'uint64_t' to 'GLsizei', possible loss of data
